2018-07-17 09:27:07.430  INFO 3756 --- [restartedMain] com.mr.bomkpi.BomkpiApplication          : Starting BomkpiApplication on leohorry-PC with PID 3756 (C:\Users\Administrator\Desktop\GIT\bomkpi\out\production\classes started by Administrator in C:\Users\Administrator\Desktop\GIT\bomkpi)
2018-07-17 09:27:07.434  INFO 3756 --- [restartedMain] com.mr.bomkpi.BomkpiApplication          : No active profile set, falling back to default profiles: default
2018-07-17 09:27:07.512  INFO 3756 --- [restartedMain] ConfigServletWebServerApplicationContext : Refreshing org.springframework.boot.web.servlet.context.AnnotationConfigServletWebServerApplicationContext@3718dcbc: startup date [Tue Jul 17 09:27:07 CST 2018]; root of context hierarchy
2018-07-17 09:27:11.062  INFO 3756 --- [restartedMain] trationDelegate$BeanPostProcessorChecker : Bean 'org.springframework.transaction.annotation.ProxyTransactionManagementConfiguration' of type [org.springframework.transaction.annotation.ProxyTransactionManagementConfiguration$$EnhancerBySpringCGLIB$$463670e9] is not eligible for getting processed by all BeanPostProcessors (for example: not eligible for auto-proxying)
2018-07-17 09:27:11.647  INFO 3756 --- [restartedMain] o.s.b.w.embedded.tomcat.TomcatWebServer  : Tomcat initialized with port(s): 80 (http)
2018-07-17 09:27:11.680  INFO 3756 --- [restartedMain] o.apache.catalina.core.StandardService   : Starting service [Tomcat]
2018-07-17 09:27:11.681  INFO 3756 --- [restartedMain] org.apache.catalina.core.StandardEngine  : Starting Servlet Engine: Apache Tomcat/8.5.31
2018-07-17 09:27:11.695  INFO 3756 --- [localhost-startStop-1] o.a.catalina.core.AprLifecycleListener   : The APR based Apache Tomcat Native library which allows optimal performance in production environments was not found on the java.library.path: [E:\Java\jdk1.8.0_121\bin;C:\Windows\Sun\Java\bin;C:\Windows\system32;C:\Windows;E:\app\Administrator\product\11.2.0\dbhome_2\bin;E:\app\mr\product\12.1.0\dbhome_1\bin;E:\Java\jdk1.8.0_121\bin;C:\ProgramData\Oracle\Java\javapath;C:\Program Files (x86)\Intel\iCLS Client\;C:\Program Files\Intel\iCLS Client\;C:\Windows\system32;C:\Windows;C:\Windows\System32\Wbem;C:\Windows\System32\WindowsPowerShell\v1.0\;C:\Program Files (x86)\Intel\Intel(R) Management Engine Components\DAL;C:\Program Files\Intel\Intel(R) Management Engine Components\DAL;C:\Program Files (x86)\Intel\Intel(R) Management Engine Components\IPT;C:\Program Files\Intel\Intel(R) Management Engine Components\IPT;E:\Sencha\Cmd;E:\Oracle\product\11.2.0\client_lite\bin;E:\TortoiseSVN\bin;E:\Learn\nodejs\;E:\weixinDevelop\chromedriver;E:\apache-ant-1.10.1\bin;E:\apache-maven-3.5.0\bin;E:\gradle-4.6\bin;E:\grails-3.3.0\bin;E:\groovy-2.4.15\bin;E:\Sencha\Cmd/..;E:\SSHClient;C:\Users\Administrator\AppData\Roaming\npm;C:\Users\Administrator\AppData\Local\Programs\Fiddler;.]
2018-07-17 09:27:11.832  INFO 3756 --- [localhost-startStop-1] o.a.c.c.C.[Tomcat].[localhost].[/]       : Initializing Spring embedded WebApplicationContext
2018-07-17 09:27:11.832  INFO 3756 --- [localhost-startStop-1] o.s.web.context.ContextLoader            : Root WebApplicationContext: initialization completed in 4320 ms
2018-07-17 09:27:12.018  INFO 3756 --- [localhost-startStop-1] o.s.b.w.servlet.FilterRegistrationBean   : Mapping filter: 'characterEncodingFilter' to: [/*]
2018-07-17 09:27:12.019  INFO 3756 --- [localhost-startStop-1] o.s.b.w.servlet.FilterRegistrationBean   : Mapping filter: 'hiddenHttpMethodFilter' to: [/*]
2018-07-17 09:27:12.020  INFO 3756 --- [localhost-startStop-1] o.s.b.w.servlet.FilterRegistrationBean   : Mapping filter: 'httpPutFormContentFilter' to: [/*]
2018-07-17 09:27:12.020  INFO 3756 --- [localhost-startStop-1] o.s.b.w.servlet.FilterRegistrationBean   : Mapping filter: 'requestContextFilter' to: [/*]
2018-07-17 09:27:12.021  INFO 3756 --- [localhost-startStop-1] .s.DelegatingFilterProxyRegistrationBean : Mapping filter: 'springSecurityFilterChain' to: [/*]
2018-07-17 09:27:12.021  INFO 3756 --- [localhost-startStop-1] o.s.b.w.servlet.ServletRegistrationBean  : Servlet dispatcherServlet mapped to [/]
2018-07-17 09:27:12.374  INFO 3756 --- [restartedMain] com.alibaba.druid.pool.DruidDataSource   : {dataSource-1} inited
2018-07-17 09:27:12.985  INFO 3756 --- [restartedMain] j.LocalContainerEntityManagerFactoryBean : Building JPA container EntityManagerFactory for persistence unit 'default'
2018-07-17 09:27:13.002  INFO 3756 --- [restartedMain] o.hibernate.jpa.internal.util.LogHelper  : HHH000204: Processing PersistenceUnitInfo [
	name: default
	...]
2018-07-17 09:27:13.085  INFO 3756 --- [restartedMain] org.hibernate.Version                    : HHH000412: Hibernate Core {5.2.17.Final}
2018-07-17 09:27:13.089  INFO 3756 --- [restartedMain] org.hibernate.cfg.Environment            : HHH000206: hibernate.properties not found
2018-07-17 09:27:13.222  INFO 3756 --- [restartedMain] o.hibernate.annotations.common.Version   : HCANN000001: Hibernate Commons Annotations {5.0.1.Final}
2018-07-17 09:27:13.491  INFO 3756 --- [restartedMain] org.hibernate.dialect.Dialect            : HHH000400: Using dialect: org.hibernate.dialect.MySQL5Dialect
2018-07-17 09:27:26.787  INFO 3756 --- [restartedMain] j.LocalContainerEntityManagerFactoryBean : Initialized JPA EntityManagerFactory for persistence unit 'default'
2018-07-17 09:27:28.087  INFO 3756 --- [restartedMain] o.s.s.web.DefaultSecurityFilterChain     : Creating filter chain: org.springframework.security.web.util.matcher.AnyRequestMatcher@1, [org.springframework.security.web.context.request.async.WebAsyncManagerIntegrationFilter@57c2d407, org.springframework.security.web.context.SecurityContextPersistenceFilter@5b581964, org.springframework.security.web.header.HeaderWriterFilter@27250b91, org.springframework.security.web.csrf.CsrfFilter@7a2d89a7, org.springframework.security.web.authentication.logout.LogoutFilter@6a0d5cec, org.springframework.security.web.authentication.UsernamePasswordAuthenticationFilter@6913e0a9, org.springframework.security.web.savedrequest.RequestCacheAwareFilter@68ef66, org.springframework.security.web.servletapi.SecurityContextHolderAwareRequestFilter@6e03f019, org.springframework.security.web.authentication.AnonymousAuthenticationFilter@58267fd1, org.springframework.security.web.session.SessionManagementFilter@4f235048, org.springframework.security.web.access.ExceptionTranslationFilter@54bc40eb, org.springframework.security.web.access.intercept.FilterSecurityInterceptor@1bfe5fc3]
2018-07-17 09:27:28.176  INFO 3756 --- [restartedMain] o.s.w.s.handler.SimpleUrlHandlerMapping  : Mapped URL path [/**/favicon.ico] onto handler of type [class org.springframework.web.servlet.resource.ResourceHttpRequestHandler]
2018-07-17 09:27:28.359  INFO 3756 --- [restartedMain] s.w.s.m.m.a.RequestMappingHandlerAdapter : Looking for @ControllerAdvice: org.springframework.boot.web.servlet.context.AnnotationConfigServletWebServerApplicationContext@3718dcbc: startup date [Tue Jul 17 09:27:07 CST 2018]; root of context hierarchy
2018-07-17 09:27:28.391  WARN 3756 --- [restartedMain] aWebConfiguration$JpaWebMvcConfiguration : spring.jpa.open-in-view is enabled by default. Therefore, database queries may be performed during view rendering. Explicitly configure spring.jpa.open-in-view to disable this warning
2018-07-17 09:27:28.443  INFO 3756 --- [restartedMain] s.w.s.m.m.a.RequestMappingHandlerMapping : Mapped "{[/check/getChecks],methods=[GET]}" onto public java.lang.String com.mr.bomkpi.controller.CheckController.getChecks()
2018-07-17 09:27:28.448  INFO 3756 --- [restartedMain] s.w.s.m.m.a.RequestMappingHandlerMapping : Mapped "{[/counter/save],methods=[POST]}" onto public java.lang.String com.mr.bomkpi.controller.CounterController.save(com.mr.bomkpi.entity.TaskCounter,java.security.Principal)
2018-07-17 09:27:28.449  INFO 3756 --- [restartedMain] s.w.s.m.m.a.RequestMappingHandlerMapping : Mapped "{[/counter/search],methods=[POST]}" onto public java.util.Map<java.lang.String, java.util.List<com.mr.bomkpi.entity.TaskCounter>> com.mr.bomkpi.controller.CounterController.search(java.lang.String)
2018-07-17 09:27:28.449  INFO 3756 --- [restartedMain] s.w.s.m.m.a.RequestMappingHandlerMapping : Mapped "{[/counter/getCounters],methods=[POST]}" onto public java.util.Map<java.lang.String, java.util.List<com.mr.bomkpi.entity.TaskCounter>> com.mr.bomkpi.controller.CounterController.getCounter(com.mr.bomkpi.entity.TaskCounter,java.security.Principal,java.lang.String,java.lang.String)
2018-07-17 09:27:28.450  INFO 3756 --- [restartedMain] s.w.s.m.m.a.RequestMappingHandlerMapping : Mapped "{[/counter/isExist],methods=[POST]}" onto public java.lang.Boolean com.mr.bomkpi.controller.CounterController.isExist(com.mr.bomkpi.entity.TaskCounter)
2018-07-17 09:27:28.451  INFO 3756 --- [restartedMain] s.w.s.m.m.a.RequestMappingHandlerMapping : Mapped "{[/counter/form],methods=[GET]}" onto public java.lang.String com.mr.bomkpi.controller.CounterController.addCounter(org.springframework.ui.Model,java.lang.String,java.security.Principal)
2018-07-17 09:27:28.451  INFO 3756 --- [restartedMain] s.w.s.m.m.a.RequestMappingHandlerMapping : Mapped "{[/counter/getCurUserWhseCode],methods=[POST]}" onto public java.util.List<com.mr.bomkpi.entity.UserWhseVo> com.mr.bomkpi.controller.CounterController.getCurUserWhseCode(java.lang.String)
2018-07-17 09:27:28.455  INFO 3756 --- [restartedMain] s.w.s.m.m.a.RequestMappingHandlerMapping : Mapped "{[/badCredentials],methods=[GET]}" onto public java.lang.String com.mr.bomkpi.controller.HomeController.error(org.springframework.ui.Model)
2018-07-17 09:27:28.455  INFO 3756 --- [restartedMain] s.w.s.m.m.a.RequestMappingHandlerMapping : Mapped "{[/],methods=[GET]}" onto public java.lang.String com.mr.bomkpi.controller.HomeController.index()
2018-07-17 09:27:28.455  INFO 3756 --- [restartedMain] s.w.s.m.m.a.RequestMappingHandlerMapping : Mapped "{[/user/profile],methods=[GET]}" onto public java.util.List<org.springframework.security.core.userdetails.User> com.mr.bomkpi.controller.HomeController.profile()
2018-07-17 09:27:28.455  INFO 3756 --- [restartedMain] s.w.s.m.m.a.RequestMappingHandlerMapping : Mapped "{[/task],methods=[GET]}" onto public java.lang.String com.mr.bomkpi.controller.HomeController.taskList()
2018-07-17 09:27:28.456  INFO 3756 --- [restartedMain] s.w.s.m.m.a.RequestMappingHandlerMapping : Mapped "{[/login],methods=[GET]}" onto public java.lang.String com.mr.bomkpi.controller.HomeController.loginPage()
2018-07-17 09:27:28.457  INFO 3756 --- [restartedMain] s.w.s.m.m.a.RequestMappingHandlerMapping : Mapped "{[/user/logout],methods=[GET]}" onto public java.lang.String com.mr.bomkpi.controller.HomeController.logout()
2018-07-17 09:27:28.457  INFO 3756 --- [restartedMain] s.w.s.m.m.a.RequestMappingHandlerMapping : Mapped "{[/counter],methods=[GET]}" onto public java.lang.String com.mr.bomkpi.controller.HomeController.counterList()
2018-07-17 09:27:28.457  INFO 3756 --- [restartedMain] s.w.s.m.m.a.RequestMappingHandlerMapping : Mapped "{[/kpi],methods=[GET]}" onto public java.lang.String com.mr.bomkpi.controller.HomeController.kpiList()
2018-07-17 09:27:28.457  INFO 3756 --- [restartedMain] s.w.s.m.m.a.RequestMappingHandlerMapping : Mapped "{[/index],methods=[GET]}" onto public java.lang.String com.mr.bomkpi.controller.HomeController.welcome()
2018-07-17 09:27:28.457  INFO 3756 --- [restartedMain] s.w.s.m.m.a.RequestMappingHandlerMapping : Mapped "{[/task/team],methods=[GET]}" onto public java.lang.String com.mr.bomkpi.controller.HomeController.taskTeamList()
2018-07-17 09:27:28.457  INFO 3756 --- [restartedMain] s.w.s.m.m.a.RequestMappingHandlerMapping : Mapped "{[/order],methods=[GET]}" onto public java.lang.String com.mr.bomkpi.controller.HomeController.orderList()
2018-07-17 09:27:28.457  INFO 3756 --- [restartedMain] s.w.s.m.m.a.RequestMappingHandlerMapping : Mapped "{[/user/login],methods=[GET]}" onto public java.lang.String com.mr.bomkpi.controller.HomeController.login(java.lang.String)
2018-07-17 09:27:28.457  INFO 3756 --- [restartedMain] s.w.s.m.m.a.RequestMappingHandlerMapping : Mapped "{[/task/person],methods=[GET]}" onto public java.lang.String com.mr.bomkpi.controller.HomeController.taskPersonList()
2018-07-17 09:27:28.458  INFO 3756 --- [restartedMain] s.w.s.m.m.a.RequestMappingHandlerMapping : Mapped "{[/kpi/person],methods=[GET]}" onto public java.lang.String com.mr.bomkpi.controller.HomeController.kpiPersonList()
2018-07-17 09:27:28.460  INFO 3756 --- [restartedMain] s.w.s.m.m.a.RequestMappingHandlerMapping : Mapped "{[/kpi/form],methods=[GET]}" onto public java.lang.String com.mr.bomkpi.controller.KPIController.form(org.springframework.ui.Model)
2018-07-17 09:27:28.460  INFO 3756 --- [restartedMain] s.w.s.m.m.a.RequestMappingHandlerMapping : Mapped "{[/kpi/getKpis],methods=[GET]}" onto public java.lang.String com.mr.bomkpi.controller.KPIController.getKpis(org.springframework.ui.Model,java.security.Principal,java.lang.String)
2018-07-17 09:27:28.460  INFO 3756 --- [restartedMain] s.w.s.m.m.a.RequestMappingHandlerMapping : Mapped "{[/kpi/addNode],methods=[POST]}" onto public java.lang.String com.mr.bomkpi.controller.KPIController.addNode(org.springframework.ui.Model,com.mr.bomkpi.entity.Worknode)
2018-07-17 09:27:28.460  INFO 3756 --- [restartedMain] s.w.s.m.m.a.RequestMappingHandlerMapping : Mapped "{[/kpinode/getNodes],methods=[GET]}" onto public java.lang.String com.mr.bomkpi.controller.KPIController.getNodes(org.springframework.ui.Model)
2018-07-17 09:27:28.460  INFO 3756 --- [restartedMain] s.w.s.m.m.a.RequestMappingHandlerMapping : Mapped "{[/kpi/getWorkNodes],methods=[GET]}" onto public java.lang.String com.mr.bomkpi.controller.KPIController.getWorkNodes(org.springframework.ui.Model)
2018-07-17 09:27:28.460  INFO 3756 --- [restartedMain] s.w.s.m.m.a.RequestMappingHandlerMapping : Mapped "{[/kpi/asns],methods=[GET]}" onto public java.util.List<com.mr.bomkpi.entity.AsnVo> com.mr.bomkpi.controller.KPIController.getAsns()
2018-07-17 09:27:28.461  INFO 3756 --- [restartedMain] s.w.s.m.m.a.RequestMappingHandlerMapping : Mapped "{[/order/form],methods=[GET]}" onto public java.lang.String com.mr.bomkpi.controller.OrderController.form(org.springframework.ui.Model,java.lang.Long)
2018-07-17 09:27:28.462  INFO 3756 --- [restartedMain] s.w.s.m.m.a.RequestMappingHandlerMapping : Mapped "{[/order/delete],methods=[POST]}" onto public void com.mr.bomkpi.controller.OrderController.delete(java.lang.String)
2018-07-17 09:27:28.462  INFO 3756 --- [restartedMain] s.w.s.m.m.a.RequestMappingHandlerMapping : Mapped "{[/order/save],methods=[POST]}" onto public void com.mr.bomkpi.controller.OrderController.save(com.mr.bomkpi.entity.TaskOrder)
2018-07-17 09:27:28.462  INFO 3756 --- [restartedMain] s.w.s.m.m.a.RequestMappingHandlerMapping : Mapped "{[/order/getOrders],methods=[POST]}" onto public java.util.Map<java.lang.String, java.util.List<com.mr.bomkpi.entity.TaskOrder>> com.mr.bomkpi.controller.OrderController.getOrders(com.mr.bomkpi.entity.TaskOrder,java.security.Principal,java.lang.String,java.lang.String)
2018-07-17 09:27:28.462  INFO 3756 --- [restartedMain] s.w.s.m.m.a.RequestMappingHandlerMapping : Mapped "{[/order/generateTask],methods=[POST]}" onto public java.util.Map<java.lang.String, java.lang.Object> com.mr.bomkpi.controller.OrderController.generateTask(com.mr.bomkpi.entity.TaskOrder,javax.servlet.http.HttpServletRequest,java.security.Principal)
2018-07-17 09:27:28.464  INFO 3756 --- [restartedMain] s.w.s.m.m.a.RequestMappingHandlerMapping : Mapped "{[/order/getWhseCoutners],methods=[POST]}" onto public java.util.Map<java.lang.String, java.lang.Object> com.mr.bomkpi.controller.OrderController.getWhseCoutners(java.lang.String)
2018-07-17 09:27:28.464  INFO 3756 --- [restartedMain] s.w.s.m.m.a.RequestMappingHandlerMapping : Mapped "{[/singleTask/getSingleTasks],methods=[GET]}" onto public java.lang.String com.mr.bomkpi.controller.SingleTaskController.getSingleTasks(org.springframework.ui.Model)
2018-07-17 09:27:28.465  INFO 3756 --- [restartedMain] s.w.s.m.m.a.RequestMappingHandlerMapping : Mapped "{[/sys/getSystems],methods=[GET]}" onto public java.lang.String com.mr.bomkpi.controller.SysController.getSystems(org.springframework.ui.Model)
2018-07-17 09:27:28.467  INFO 3756 --- [restartedMain] s.w.s.m.m.a.RequestMappingHandlerMapping : Mapped "{[/task/complete],methods=[POST]}" onto public java.util.Map<java.lang.String, java.lang.Object> com.mr.bomkpi.controller.TaskController.save(com.mr.bomkpi.entity.Task)
2018-07-17 09:27:28.469  INFO 3756 --- [restartedMain] s.w.s.m.m.a.RequestMappingHandlerMapping : Mapped "{[/task/singleTaskBind],methods=[POST]}" onto public java.util.Map<java.lang.String, java.lang.Object> com.mr.bomkpi.controller.TaskController.singleTaskBind(java.lang.String,java.lang.String)
2018-07-17 09:27:28.469  INFO 3756 --- [restartedMain] s.w.s.m.m.a.RequestMappingHandlerMapping : Mapped "{[/task/getTasks],methods=[POST]}" onto public java.util.Map<java.lang.String, java.util.List<com.mr.bomkpi.entity.Task>> com.mr.bomkpi.controller.TaskController.getTasks(com.mr.bomkpi.entity.Task,java.security.Principal,java.lang.String,java.lang.String)
2018-07-17 09:27:28.469  INFO 3756 --- [restartedMain] s.w.s.m.m.a.RequestMappingHandlerMapping : Mapped "{[/task/single/getTasks],methods=[POST]}" onto public java.util.Map<java.lang.String, java.util.List<com.mr.bomkpi.entity.Task>> com.mr.bomkpi.controller.TaskController.getSingleTasks(com.mr.bomkpi.entity.Task,java.security.Principal,java.lang.String,java.lang.String)
2018-07-17 09:27:28.469  INFO 3756 --- [restartedMain] s.w.s.m.m.a.RequestMappingHandlerMapping : Mapped "{[/task/team/login],methods=[POST]}" onto public java.util.Map<java.lang.String, java.lang.Object> com.mr.bomkpi.controller.TaskController.teamLogin(java.lang.String,java.lang.String)
2018-07-17 09:27:28.470  INFO 3756 --- [restartedMain] s.w.s.m.m.a.RequestMappingHandlerMapping : Mapped "{[/teamTask/getTeamTasks],methods=[GET]}" onto public java.lang.String com.mr.bomkpi.controller.TeamTaskController.getTeamTasks(org.springframework.ui.Model)
2018-07-17 09:27:28.471  INFO 3756 --- [restartedMain] s.w.s.m.m.a.RequestMappingHandlerMapping : Mapped "{[/error]}" onto public org.springframework.http.ResponseEntity<java.util.Map<java.lang.String, java.lang.Object>> org.springframework.boot.autoconfigure.web.servlet.error.BasicErrorController.error(javax.servlet.http.HttpServletRequest)
2018-07-17 09:27:28.472  INFO 3756 --- [restartedMain] s.w.s.m.m.a.RequestMappingHandlerMapping : Mapped "{[/error],produces=[text/html]}" onto public org.springframework.web.servlet.ModelAndView org.springframework.boot.autoconfigure.web.servlet.error.BasicErrorController.errorHtml(javax.servlet.http.HttpServletRequest,javax.servlet.http.HttpServletResponse)
2018-07-17 09:27:28.505  INFO 3756 --- [restartedMain] o.s.w.s.handler.SimpleUrlHandlerMapping  : Mapped URL path [/webjars/**] onto handler of type [class org.springframework.web.servlet.resource.ResourceHttpRequestHandler]
2018-07-17 09:27:28.505  INFO 3756 --- [restartedMain] o.s.w.s.handler.SimpleUrlHandlerMapping  : Mapped URL path [/**] onto handler of type [class org.springframework.web.servlet.resource.ResourceHttpRequestHandler]
2018-07-17 09:27:28.667  INFO 3756 --- [restartedMain] o.s.b.a.w.s.WelcomePageHandlerMapping    : Adding welcome page template: index
2018-07-17 09:27:34.551  INFO 3756 --- [restartedMain] o.s.b.d.a.OptionalLiveReloadServer       : LiveReload server is running on port 35729
2018-07-17 09:27:34.585  INFO 3756 --- [restartedMain] o.s.j.e.a.AnnotationMBeanExporter        : Registering beans for JMX exposure on startup
2018-07-17 09:27:34.586  INFO 3756 --- [restartedMain] o.s.j.e.a.AnnotationMBeanExporter        : Bean with name 'dataSource' has been autodetected for JMX exposure
2018-07-17 09:27:34.593  INFO 3756 --- [restartedMain] o.s.j.e.a.AnnotationMBeanExporter        : Located MBean 'dataSource': registering with JMX server as MBean [com.alibaba.druid.pool:name=dataSource,type=DruidDataSource]
2018-07-17 09:27:34.640  INFO 3756 --- [restartedMain] o.s.b.w.embedded.tomcat.TomcatWebServer  : Tomcat started on port(s): 80 (http) with context path ''
2018-07-17 09:27:34.644  INFO 3756 --- [restartedMain] com.mr.bomkpi.BomkpiApplication          : Started BomkpiApplication in 27.777 seconds (JVM running for 29.723)
2018-07-17 10:33:36.733  INFO 3756 --- [http-nio-80-exec-1] o.a.c.c.C.[Tomcat].[localhost].[/]       : Initializing Spring FrameworkServlet 'dispatcherServlet'
2018-07-17 10:33:36.734  INFO 3756 --- [http-nio-80-exec-1] o.s.web.servlet.DispatcherServlet        : FrameworkServlet 'dispatcherServlet': initialization started
2018-07-17 10:33:36.879  INFO 3756 --- [http-nio-80-exec-1] o.s.web.servlet.DispatcherServlet        : FrameworkServlet 'dispatcherServlet': initialization completed in 145 ms
2018-07-17 10:33:48.885  INFO 3756 --- [http-nio-80-exec-2] o.h.h.i.QueryTranslatorFactoryInitiator  : HHH000397: Using ASTQueryTranslatorFactory
2018-07-17 10:33:49.927  INFO 3756 --- [http-nio-80-exec-2] com.mr.bomkpi.util.PasswordUtil          : raw ====================yu654321encodePassword+++++++++++E:1525331001129:bb047c7fc0520c9eb0e9d6eed6c4885b
2018-07-17 10:33:49.931  INFO 3756 --- [http-nio-80-exec-2] com.mr.bomkpi.config.MySecurityConfig    : 登录成功！
2018-07-17 10:34:47.184  INFO 3756 --- [Thread-61] ConfigServletWebServerApplicationContext : Closing org.springframework.boot.web.servlet.context.AnnotationConfigServletWebServerApplicationContext@3718dcbc: startup date [Tue Jul 17 09:27:07 CST 2018]; root of context hierarchy
2018-07-17 10:34:47.187  INFO 3756 --- [Thread-61] o.s.j.e.a.AnnotationMBeanExporter        : Unregistering JMX-exposed beans on shutdown
2018-07-17 10:34:47.188  INFO 3756 --- [Thread-61] o.s.j.e.a.AnnotationMBeanExporter        : Unregistering JMX-exposed beans
2018-07-17 10:34:47.192  INFO 3756 --- [Thread-61] j.LocalContainerEntityManagerFactoryBean : Closing JPA EntityManagerFactory for persistence unit 'default'
2018-07-17 10:34:47.247  INFO 3756 --- [Thread-61] com.alibaba.druid.pool.DruidDataSource   : {dataSource-1} closed
